<?xml version="1.0" encoding="UTF-8"?>
<!-- Generated by org.testng.reporters.JUnitReportReporter -->
<testsuite skipped="0" hostname="WINDOWS-CN1QL0J" name="t_systems.Task.AppTest" tests="2" failures="0" timestamp="22 Dec 2017 12:03:11 GMT" time="38.767" errors="0">
  <testcase name="verifyFIrstVideoTreilerTest" time="18.865" classname="t_systems.Task.AppTest"/>
  <testcase name="verifyVideoTreilerTest" time="19.902" classname="t_systems.Task.AppTest"/>
</testsuite> <!-- t_systems.Task.AppTest -->
