<?xml version="1.0" encoding="UTF-8"?>
<!-- Generated by org.testng.reporters.JUnitReportReporter -->
<testsuite skipped="0" hostname="WINDOWS-CN1QL0J" name="t_systems.Task.VideoTreilerTest" tests="2" failures="0" timestamp="22 Dec 2017 12:11:44 GMT" time="38.843" errors="0">
  <testcase name="verifyVideoTreilerTest" time="18.858" classname="t_systems.Task.VideoTreilerTest"/>
  <testcase name="verifyFIrstVideoTreilerTest" time="19.985" classname="t_systems.Task.VideoTreilerTest"/>
</testsuite> <!-- t_systems.Task.VideoTreilerTest -->
